2015/12/17 18:56:17 [error] [exception.CException] exception 'CException' with message 'Alias "ext.yii-facebook-opengraph.SFacebook" is invalid. Make sure it points to an existing PHP file and the file is readable.' in C:\xampp\htdocs\yii\framework\YiiBase.php:323
Stack trace:
#0 C:\xampp\htdocs\yii\framework\YiiBase.php(196): YiiBase::import('ext.yii-faceboo...', true)
#1 C:\xampp\htdocs\yii\framework\base\CModule.php(393): YiiBase::createComponent(Array)
#2 C:\xampp\htdocs\yii\framework\base\CModule.php(103): CModule->getComponent('facebook')
#3 C:\xampp\htdocs\yiitestapp\protected\views\site\index.php(8): CModule->__get('facebook')
#4 C:\xampp\htdocs\yii\framework\web\CBaseController.php(126): require('C:\\xampp\\htdocs...')
#5 C:\xampp\htdocs\yii\framework\web\CBaseController.php(95): CBaseController->renderInternal('C:\\xampp\\htdocs...', NULL, true)
#6 C:\xampp\htdocs\yii\framework\web\CController.php(869): CBaseController->renderFile('C:\\xampp\\htdocs...', NULL, true)
#7 C:\xampp\htdocs\yii\framework\web\CController.php(782): CController->renderPartial('index', NULL, true)
#8 C:\xampp\htdocs\yiitestapp\protected\controllers\SiteController.php(32): CController->render('index')
#9 C:\xampp\htdocs\yii\framework\web\actions\CInlineAction.php(49): SiteController->actionIndex()
#10 C:\xampp\htdocs\yii\framework\web\CController.php(308): CInlineAction->runWithParams(Array)
#11 C:\xampp\htdocs\yii\framework\web\CController.php(286): CController->runAction(Object(CInlineAction))
#12 C:\xampp\htdocs\yii\framework\web\CController.php(265): CController->runActionWithFilters(Object(CInlineAction), Array)
#13 C:\xampp\htdocs\yii\framework\web\CWebApplication.php(282): CController->run('')
#14 C:\xampp\htdocs\yii\framework\web\CWebApplication.php(141): CWebApplication->runController('')
#15 C:\xampp\htdocs\yii\framework\base\CApplication.php(184): CWebApplication->processRequest()
#16 C:\xampp\htdocs\yiitestapp\index.php(13): CApplication->run()
#17 {main}
REQUEST_URI=/yiitestapp/index.php
HTTP_REFERER=http://localhost/yiitestapp/index.php?r=site/index
---
2015/12/17 19:36:16 [error] [exception.CException] exception 'CException' with message 'SiteController cannot find the requested view "facebook_return_popup_close".' in C:\xampp\htdocs\yii\framework\web\CController.php:878
Stack trace:
#0 C:\xampp\htdocs\yiitestapp\protected\controllers\SiteController.php(137): CController->renderPartial('facebook_return...', Array, false, true)
#1 C:\xampp\htdocs\yii\framework\web\actions\CInlineAction.php(49): SiteController->actionIndex()
#2 C:\xampp\htdocs\yii\framework\web\CController.php(308): CInlineAction->runWithParams(Array)
#3 C:\xampp\htdocs\yii\framework\web\CController.php(286): CController->runAction(Object(CInlineAction))
#4 C:\xampp\htdocs\yii\framework\web\CController.php(265): CController->runActionWithFilters(Object(CInlineAction), Array)
#5 C:\xampp\htdocs\yii\framework\web\CWebApplication.php(282): CController->run('')
#6 C:\xampp\htdocs\yii\framework\web\CWebApplication.php(141): CWebApplication->runController('')
#7 C:\xampp\htdocs\yii\framework\base\CApplication.php(184): CWebApplication->processRequest()
#8 C:\xampp\htdocs\yiitestapp\index.php(13): CApplication->run()
#9 {main}
REQUEST_URI=/yiitestapp/?code=AQC0H8rzC6DgJ4keO1s_RGmbRXExOQ5pm1tgtQq-0SnF3_GbW7ot6VeNYGbqYcx9EIyZgXSHftp9ps6JpOvEJubZn22S8_LPcjZbyNlYjO0kpMPeuUGauy9_2sPo3KUGUuezavfb-I5CpxdY5SfPoxV1bNzpwhILKTd4FyDXWU7DzK9S5zF-8wmHnbkBDwveZq4Yw54xIorvHyOqSYxAeTIeO5CaBs2fVsdI_NRoCAXueeA5QBSjAdI_mHgGQ49p3NeW_YZ2voGL9l5XsQXsb9qxgOKUdHXJX1YwAal0ChTmep8ghhkJeDNIoOS5AqgejTehVYctXJKCV0YMyl7tWmqr&state=43bcc9a1cd8ff67d6a91d184adfcf6ec
HTTP_REFERER=http://localhost/yiitestapp/index.php?r=site/index
---
2015/12/17 19:48:23 [error] [php] Use of undefined constant access_token - assumed 'access_token' (C:\xampp\htdocs\yiitestapp\protected\controllers\SiteController.php:48)
Stack trace:
#0 C:\xampp\htdocs\yii\framework\web\CController.php(286): SiteController->runAction()
#1 C:\xampp\htdocs\yii\framework\web\CController.php(265): SiteController->runActionWithFilters()
#2 C:\xampp\htdocs\yii\framework\web\CWebApplication.php(282): SiteController->run()
#3 C:\xampp\htdocs\yii\framework\web\CWebApplication.php(141): CWebApplication->runController()
#4 C:\xampp\htdocs\yii\framework\base\CApplication.php(184): CWebApplication->processRequest()
#5 C:\xampp\htdocs\yiitestapp\index.php(13): CWebApplication->run()
REQUEST_URI=/yiitestapp/?code=AQCb_DiEAaMfSkpr-3l9smrWBq2BZwOS4rRsR8-QhLdD0CAumjqedPO1BKgNqGvzEaYwbLXE5TLn7vGmr-npVh-lQLEmsWRO8oUs_WMHKPO9fmk8VEENkw9ieZq91JaF5hPfXJuZlSqVsS4Tfc7CF14oS0cnw19vjBL6k8dms5LpJGlXvH81IkLNYgIMrjAAn1YtaAxAwDR5MqeK9E7yIEZKrPn4Pb5lJvDAdxCCwZ54eXzw_ggNK0xWkr0p92nsKb6lLI8FYOzO3mbJNnlqBWPXxQg5yXB6tVP_5UF61ZObsNO7JpHj8k__V-9PPetm_YJehSz5BZcHGJlqMRsV2e9k&state=f48548ae2ee0a13a85703587e9ba1303
in C:\xampp\htdocs\yiitestapp\protected\controllers\SiteController.php (48)
in C:\xampp\htdocs\yiitestapp\index.php (13)
2015/12/17 19:53:29 [error] [php] Use of undefined constant access_token - assumed 'access_token' (C:\xampp\htdocs\yiitestapp\protected\controllers\SiteController.php:48)
Stack trace:
#0 C:\xampp\htdocs\yii\framework\web\CController.php(286): SiteController->runAction()
#1 C:\xampp\htdocs\yii\framework\web\CController.php(265): SiteController->runActionWithFilters()
#2 C:\xampp\htdocs\yii\framework\web\CWebApplication.php(282): SiteController->run()
#3 C:\xampp\htdocs\yii\framework\web\CWebApplication.php(141): CWebApplication->runController()
#4 C:\xampp\htdocs\yii\framework\base\CApplication.php(184): CWebApplication->processRequest()
#5 C:\xampp\htdocs\yiitestapp\index.php(13): CWebApplication->run()
REQUEST_URI=/yiitestapp/?code=AQCXUbwG2ebQY_cKHmDi3wk4qP1wztzFb1ygfPmrNY0YCr-0o05Vm52hQAJaZfge48_n4rp2rR3N3BYwougaKZ-TsrYvO344hP-gMFESTn9fps72ylpXjsbIN58jkfxVoCsFgPOkL41SwpQlxSLLIMwcWFEqKYyE5bDkN6AQI8Pr5JaNB3etI45BGNRAM5yys4MF4kaC497JfrRFqnURB94NkAWDExqre7VURug1x-tmwqlrqu3b4WdMMIkCRo5Z4L4ZuQFHAvlEfyXp6JZHtowUO5n8Zf1zU4wmQhkXF1j60vxxbDRqLB01MK5rZtdUa59TuOzJzH2FIUbuTo43j-IT&state=f48548ae2ee0a13a85703587e9ba1303
in C:\xampp\htdocs\yiitestapp\protected\controllers\SiteController.php (48)
in C:\xampp\htdocs\yiitestapp\index.php (13)
2015/12/17 19:58:29 [error] [php] Use of undefined constant access_token - assumed 'access_token' (C:\xampp\htdocs\yiitestapp\protected\controllers\SiteController.php:48)
Stack trace:
#0 C:\xampp\htdocs\yii\framework\web\CController.php(286): SiteController->runAction()
#1 C:\xampp\htdocs\yii\framework\web\CController.php(265): SiteController->runActionWithFilters()
#2 C:\xampp\htdocs\yii\framework\web\CWebApplication.php(282): SiteController->run()
#3 C:\xampp\htdocs\yii\framework\web\CWebApplication.php(141): CWebApplication->runController()
#4 C:\xampp\htdocs\yii\framework\base\CApplication.php(184): CWebApplication->processRequest()
#5 C:\xampp\htdocs\yiitestapp\index.php(13): CWebApplication->run()
REQUEST_URI=/yiitestapp/?code=AQBiZ_Uxo6kk-tnz8607tNt8IQ6bhOpHnf8PxyaYbESNsdOPPytUwtHYHsvcHmJdYKTSvfUJY1NV2SHktiw8xbql7mEw7P9PzWVBLfNdn80fe6IcS73wJNGMk0GNYq9PhgspkzJr1s2NS1AndQ2QzfRZWE9dxuqd3GnT2FJe-64cck_BwR5dF6Uzs_bOyUZNDwDm9xDKSARfly_x3GcfbPtHj_kC0-gKeApXoRge_AyTCAeOqqXahSyUsZZw1cDcY6P4-DA9bIvFK3lXNEEdtT9aygtHpFOmYR6FNZMLpQSyA8VEJLXl4MF3Q2O90Xv5xgBCI1lxynoH4mILhN6WEJxV&state=f48548ae2ee0a13a85703587e9ba1303
in C:\xampp\htdocs\yiitestapp\protected\controllers\SiteController.php (48)
in C:\xampp\htdocs\yiitestapp\index.php (13)
2015/12/17 20:09:51 [error] [php] Use of undefined constant access_token - assumed 'access_token' (C:\xampp\htdocs\yiitestapp\protected\controllers\SiteController.php:48)
Stack trace:
#0 C:\xampp\htdocs\yii\framework\web\CController.php(286): SiteController->runAction()
#1 C:\xampp\htdocs\yii\framework\web\CController.php(265): SiteController->runActionWithFilters()
#2 C:\xampp\htdocs\yii\framework\web\CWebApplication.php(282): SiteController->run()
#3 C:\xampp\htdocs\yii\framework\web\CWebApplication.php(141): CWebApplication->runController()
#4 C:\xampp\htdocs\yii\framework\base\CApplication.php(184): CWebApplication->processRequest()
#5 C:\xampp\htdocs\yiitestapp\index.php(13): CWebApplication->run()
REQUEST_URI=/yiitestapp/?code=AQDMJIIvn49BDicg5hMkMyf19XcAvGxvOGMRy08Z1LYj5q0BzSkSDeEvZWoYhQgsBi-MO0tCBRx0zDIBF9IUSRiBuZ2NszWWw5clDkJd9rumjgvtoB3YVT7ZNOYocEXdcyyMY9YvL6oCpSLkNG97Rh0hEA7bcsFxkaBGHdY0-ojs5XLqcDctLvt6W5CT3BgxRqr-xOBXNwYK6JD-FR61h7X7CqRQGn5yP75bbGJyJKTA2QFunzYwDWymCUnMOV4_JXMcH05TnnuAV7aQJVaCj8wsab0CHz7vO7cVRO1Uo6NQSrRgvXVSGl2nNB-wUrwzfLv3VlKdfT0BZ4a8Uoy_GV8M&state=2c21a6f866c250ba65ad6230547c3f6b
in C:\xampp\htdocs\yiitestapp\protected\controllers\SiteController.php (48)
in C:\xampp\htdocs\yiitestapp\index.php (13)
2015/12/17 20:10:28 [error] [php] Use of undefined constant access_token - assumed 'access_token' (C:\xampp\htdocs\yiitestapp\protected\controllers\SiteController.php:48)
Stack trace:
#0 C:\xampp\htdocs\yii\framework\web\CController.php(286): SiteController->runAction()
#1 C:\xampp\htdocs\yii\framework\web\CController.php(265): SiteController->runActionWithFilters()
#2 C:\xampp\htdocs\yii\framework\web\CWebApplication.php(282): SiteController->run()
#3 C:\xampp\htdocs\yii\framework\web\CWebApplication.php(141): CWebApplication->runController()
#4 C:\xampp\htdocs\yii\framework\base\CApplication.php(184): CWebApplication->processRequest()
#5 C:\xampp\htdocs\yiitestapp\index.php(13): CWebApplication->run()
REQUEST_URI=/yiitestapp/?code=AQCKRE7VidGf55gGMtlgcyrEpjkYeFnSQNco2XRg88Z1bDY6AYQfRrC626GzW-EaHk0h712caflHKEXV14Src2f19EuMdPjpv5KMVeBFUXjTdnameN1A66XJkA7I76CV8D80eFFZOaq-wcSUX34IV-2jKUgHKtCgdNDQ3-9tPjlMLufRy-LvRZBxPMETIh9DtyWD8DRd79Ze9veeSSfPCHWlkZCWMaFysXZ_VK-ebjwdUGVMupN7vN0JjiHUJejudGJq87FNRBGa6SfQiFw5U6VSSPIJ1grME4HIIXXb3I3jm98YPI0JH1U-cwIEI-GwI97KWA1LpH10wMyFLJ_WJJ2n&state=b56180429dd3180ea56291f73a4f0496
in C:\xampp\htdocs\yiitestapp\protected\controllers\SiteController.php (48)
in C:\xampp\htdocs\yiitestapp\index.php (13)
2015/12/17 20:21:35 [error] [php] Use of undefined constant access_token - assumed 'access_token' (C:\xampp\htdocs\yiitestapp\protected\controllers\SiteController.php:48)
Stack trace:
#0 C:\xampp\htdocs\yii\framework\web\CController.php(286): SiteController->runAction()
#1 C:\xampp\htdocs\yii\framework\web\CController.php(265): SiteController->runActionWithFilters()
#2 C:\xampp\htdocs\yii\framework\web\CWebApplication.php(282): SiteController->run()
#3 C:\xampp\htdocs\yii\framework\web\CWebApplication.php(141): CWebApplication->runController()
#4 C:\xampp\htdocs\yii\framework\base\CApplication.php(184): CWebApplication->processRequest()
#5 C:\xampp\htdocs\yiitestapp\index.php(13): CWebApplication->run()
REQUEST_URI=/yiitestapp/?code=AQCvEVfJhIxzEl_yXZFetCOpGYoAmxOfjp12Rb9e3qZY-rATpwxjp0mTzxdVMiXgYvIX3NpWLJLQpLou5QsRaAOd8EKZE_eSNyrXhu3F0IgMSrQ2fYyv-wQhZirOb9lwZq-XA_cZkT_W9ecEJXaqjofivUP2Q6E7WN_YL1HGMz4KNxT3aYBSaqb17CmwN4oawCRs2k8YZMJ7He-mXLAcgUsvv44KSZcz11pWCUNUNUi6N86AP9AIOQYYkR5Y0JE_nxsvphoYF5aitNtzFOCxKXk7N_9-mi68gRWqQ-hOLCnkdefNqkhitqvNO08T7kuAjXnLveuNU47lVTKRZ1TtDPuF&state=0cb54a66fde8c36f82d4a84abf4a2dd0
in C:\xampp\htdocs\yiitestapp\protected\controllers\SiteController.php (48)
in C:\xampp\htdocs\yiitestapp\index.php (13)
2015/12/17 20:35:18 [error] [php] Use of undefined constant fb_code - assumed 'fb_code' (C:\xampp\htdocs\yiitestapp\protected\controllers\SiteController.php:47)
Stack trace:
#0 C:\xampp\htdocs\yii\framework\web\CController.php(286): SiteController->runAction()
#1 C:\xampp\htdocs\yii\framework\web\CController.php(265): SiteController->runActionWithFilters()
#2 C:\xampp\htdocs\yii\framework\web\CWebApplication.php(282): SiteController->run()
#3 C:\xampp\htdocs\yii\framework\web\CWebApplication.php(141): CWebApplication->runController()
#4 C:\xampp\htdocs\yii\framework\base\CApplication.php(184): CWebApplication->processRequest()
#5 C:\xampp\htdocs\yiitestapp\index.php(13): CWebApplication->run()
REQUEST_URI=/yiitestapp/?code=AQAvo4fQY-3eS_wxB7tPLRdPsLaKQJnK1rO4z7ypwbvY_YJz15Ky9qHgmA9Oqf7azgldtGLhtnJj5U_KeDMIJFDqTyfxXQ9Gx10Mpk_B0fXJJOp29ZBMsEZJdWc_wMDb1ef40sdJ5w4O15eCdkP9zFNrKXXFFcJAx_uB6pMGtTUqB5yW0CV4wKDmq_7Y9T_uRDNELnY2Q-ifeRizv1Oejjp3nQ4J8IzC-_j-9J-4Bi_RlGt79A_HFpmXfvmyGBEmnLdNtAXvpWW1Z0qgKHW9GPHucrQaKsF0XNMNP_HBCV5TEy3GPj7M5MK2XCRwSZUU2C3-EbUspzpv3b9myHVneNNN&state=f3a36ef5446b9cef6dd87708ac33cbb1
in C:\xampp\htdocs\yiitestapp\protected\controllers\SiteController.php (47)
in C:\xampp\htdocs\yiitestapp\index.php (13)
2015/12/17 20:35:51 [error] [exception.CException] exception 'CException' with message 'SFacebook and its behaviors do not have a method or closure named "getAccessTokenFromCode".' in C:\xampp\htdocs\yii\framework\base\CComponent.php:266
Stack trace:
#0 C:\xampp\htdocs\yiitestapp\protected\controllers\SiteController.php(47): CComponent->__call('getAccessTokenF...', Array)
#1 C:\xampp\htdocs\yiitestapp\protected\controllers\SiteController.php(47): SFacebook->getAccessTokenFromCode('AQCZZQ-cHTKMdxx...', '')
#2 C:\xampp\htdocs\yii\framework\web\actions\CInlineAction.php(49): SiteController->actionIndex()
#3 C:\xampp\htdocs\yii\framework\web\CController.php(308): CInlineAction->runWithParams(Array)
#4 C:\xampp\htdocs\yii\framework\web\CController.php(286): CController->runAction(Object(CInlineAction))
#5 C:\xampp\htdocs\yii\framework\web\CController.php(265): CController->runActionWithFilters(Object(CInlineAction), Array)
#6 C:\xampp\htdocs\yii\framework\web\CWebApplication.php(282): CController->run('')
#7 C:\xampp\htdocs\yii\framework\web\CWebApplication.php(141): CWebApplication->runController('')
#8 C:\xampp\htdocs\yii\framework\base\CApplication.php(184): CWebApplication->processRequest()
#9 C:\xampp\htdocs\yiitestapp\index.php(13): CApplication->run()
#10 {main}
REQUEST_URI=/yiitestapp/?code=AQCZZQ-cHTKMdxxzCEOGT1OtT7yva4SJS-3wJrTJJtxvq4s3C4N72KJWVmpV_Sa5ARjcMa-myWAyW6ZAKUrQQyDbO_VE6JQ4qfBU4_SK7shGSYwM2VDxzsHzRfjCzMgcGZ8oXO5tlBqw5E61UlOu7CwK_Sk1xM-_z2K2MwZ-88t1iCuCre0tdUgzjvIJrcbyTOTnOorqHSmc629g13d_E14c9iiGt-ASSmYrgTT9CAYfu2M3nFlw_t7eIyx2GD5pqmVT2ZZLVUFZwxFPZ9Uef5gM4knobx5qz352jZx1_xkk-1JFFXt1nLmqTSAdiLV8gRRPglTHnghZ-0pcRFxkTAen&state=f3a36ef5446b9cef6dd87708ac33cbb1
HTTP_REFERER=http://localhost/yiitestapp/index.php?r=site/index
---
2015/12/17 20:39:58 [error] [exception.CException] exception 'CException' with message 'SFacebook and its behaviors do not have a method or closure named "getAccessTokenFromCode".' in C:\xampp\htdocs\yii\framework\base\CComponent.php:266
Stack trace:
#0 C:\xampp\htdocs\yiitestapp\protected\controllers\SiteController.php(47): CComponent->__call('getAccessTokenF...', Array)
#1 C:\xampp\htdocs\yiitestapp\protected\controllers\SiteController.php(47): SFacebook->getAccessTokenFromCode('AQBnxxcEqRCzGwS...')
#2 C:\xampp\htdocs\yii\framework\web\actions\CInlineAction.php(49): SiteController->actionIndex()
#3 C:\xampp\htdocs\yii\framework\web\CController.php(308): CInlineAction->runWithParams(Array)
#4 C:\xampp\htdocs\yii\framework\web\CController.php(286): CController->runAction(Object(CInlineAction))
#5 C:\xampp\htdocs\yii\framework\web\CController.php(265): CController->runActionWithFilters(Object(CInlineAction), Array)
#6 C:\xampp\htdocs\yii\framework\web\CWebApplication.php(282): CController->run('')
#7 C:\xampp\htdocs\yii\framework\web\CWebApplication.php(141): CWebApplication->runController('')
#8 C:\xampp\htdocs\yii\framework\base\CApplication.php(184): CWebApplication->processRequest()
#9 C:\xampp\htdocs\yiitestapp\index.php(13): CApplication->run()
#10 {main}
REQUEST_URI=/yiitestapp/?code=AQBnxxcEqRCzGwSZl2quzILlaI8FNqsCt4CR9qBUkJ1tJI1RjMEpwPsfAU0tTeAXYP-QUmanDCleY1H6VsR1vDLhhGokL-sq4tM1IXmZn5mdCvVDZ1M1DIIuXfKqd_NQYIyBTQ6Fexsfo7PVE4pVQclFbiTTibZfYJhHMHFQBCSjIDTbR6TxjwjaWTsawKXGRzwQuiWcmdgJeOblzKQiy70VGClVwWEsRje3VEVjlhckmyEWHOd_T29_jCoq_KnDuJBlRUEv7PgRpEJx7hb_bpUr7IOQlXOUh7Z34MacnbhqJvSv8pZW27YKcO1-ShxDvQUedlzV8lEHZbiO-60HNfyb&state=f3a36ef5446b9cef6dd87708ac33cbb1
HTTP_REFERER=http://localhost/yiitestapp/index.php?r=site/index
---
2015/12/17 20:40:08 [error] [exception.CException] exception 'CException' with message 'SFacebook and its behaviors do not have a method or closure named "getAccessTokenFromCode".' in C:\xampp\htdocs\yii\framework\base\CComponent.php:266
Stack trace:
#0 C:\xampp\htdocs\yiitestapp\protected\controllers\SiteController.php(47): CComponent->__call('getAccessTokenF...', Array)
#1 C:\xampp\htdocs\yiitestapp\protected\controllers\SiteController.php(47): SFacebook->getAccessTokenFromCode('AQAfbxKHk_Wo5mO...')
#2 C:\xampp\htdocs\yii\framework\web\actions\CInlineAction.php(49): SiteController->actionIndex()
#3 C:\xampp\htdocs\yii\framework\web\CController.php(308): CInlineAction->runWithParams(Array)
#4 C:\xampp\htdocs\yii\framework\web\CController.php(286): CController->runAction(Object(CInlineAction))
#5 C:\xampp\htdocs\yii\framework\web\CController.php(265): CController->runActionWithFilters(Object(CInlineAction), Array)
#6 C:\xampp\htdocs\yii\framework\web\CWebApplication.php(282): CController->run('')
#7 C:\xampp\htdocs\yii\framework\web\CWebApplication.php(141): CWebApplication->runController('')
#8 C:\xampp\htdocs\yii\framework\base\CApplication.php(184): CWebApplication->processRequest()
#9 C:\xampp\htdocs\yiitestapp\index.php(13): CApplication->run()
#10 {main}
REQUEST_URI=/yiitestapp/?code=AQAfbxKHk_Wo5mO66zQfgKFgKTznifYhO7OELDJnZcA6W6sA0RdfUVz9Z0bH-3L5p6_tMsEbtMa5N_ut7DlM32bo6lokh4TEEGEBqTv0sw4C8X0TdEhTx2I8lNIgaEqx3S9uHpgIAqLApdb3qz6-drKGCpkdEb1wkvml2P5ifZCrbbcvS65CSTOltrCwobhxeIh0l29ZfSRU9yOMA0UcrdlmQ656n1hpCiwJbVjWzhZaYMS8SXlvuLRd3yZTAoE1-U8mVDhLomcHozqcnNzeCQIt13LJqkXDKUDuS6epu7h5Gph6c0eVkqt4uHKSj7N-92gLzb0udCVPBr-ZptaNtQOF&state=f3a36ef5446b9cef6dd87708ac33cbb1
HTTP_REFERER=http://localhost/yiitestapp/index.php?r=site/index
---
2015/12/17 20:42:29 [error] [exception.CException] exception 'CException' with message 'SFacebook and its behaviors do not have a method or closure named "getAccessTokenFromCode".' in C:\xampp\htdocs\yii\framework\base\CComponent.php:266
Stack trace:
#0 C:\xampp\htdocs\yiitestapp\protected\controllers\SiteController.php(47): CComponent->__call('getAccessTokenF...', Array)
#1 C:\xampp\htdocs\yiitestapp\protected\controllers\SiteController.php(47): SFacebook->getAccessTokenFromCode('AQC6Z46Zx9UaNyQ...')
#2 C:\xampp\htdocs\yii\framework\web\actions\CInlineAction.php(49): SiteController->actionIndex()
#3 C:\xampp\htdocs\yii\framework\web\CController.php(308): CInlineAction->runWithParams(Array)
#4 C:\xampp\htdocs\yii\framework\web\CController.php(286): CController->runAction(Object(CInlineAction))
#5 C:\xampp\htdocs\yii\framework\web\CController.php(265): CController->runActionWithFilters(Object(CInlineAction), Array)
#6 C:\xampp\htdocs\yii\framework\web\CWebApplication.php(282): CController->run('')
#7 C:\xampp\htdocs\yii\framework\web\CWebApplication.php(141): CWebApplication->runController('')
#8 C:\xampp\htdocs\yii\framework\base\CApplication.php(184): CWebApplication->processRequest()
#9 C:\xampp\htdocs\yiitestapp\index.php(13): CApplication->run()
#10 {main}
REQUEST_URI=/yiitestapp/?code=AQC6Z46Zx9UaNyQbAnH1L26nTNzAll8bhkxKusCGlkrJImiXTk5-e6ro7BB0PHMS6uVxqIqfD18wUa2pCV6eg7YaNdTZvDm6LNoEoodO9drUpYwtYI6IWs47d22_WNU_A1ke2aC2GKwF9IWAm9vI0T1NFO3HruAHu4bbs86Lk1AZrathsuSCKkkYdnwnYjbc-btvPHH-8tJ4dONtM5YDCJ4Nz1sqpNfvJwx__pdpvGZXZH6lmxu9VG_hYai3p33lEGK-t7RLv27S79HJp7APDxwlH_dmzGkaTa6WYij22qo7zCNrPZQH8KORW_iNN3Poe67yfo_iLEMH4rZls90553Wg&state=f3a36ef5446b9cef6dd87708ac33cbb1
HTTP_REFERER=http://localhost/yiitestapp/index.php?r=site/index
---
2015/12/18 20:19:06 [error] [php] Use of undefined constant access_token - assumed 'access_token' (C:\xampp\htdocs\yiitestapp\protected\controllers\SiteController.php:48)
Stack trace:
#0 C:\xampp\htdocs\yii\framework\web\CController.php(286): SiteController->runAction()
#1 C:\xampp\htdocs\yii\framework\web\CController.php(265): SiteController->runActionWithFilters()
#2 C:\xampp\htdocs\yii\framework\web\CWebApplication.php(282): SiteController->run()
#3 C:\xampp\htdocs\yii\framework\web\CWebApplication.php(141): CWebApplication->runController()
#4 C:\xampp\htdocs\yii\framework\base\CApplication.php(184): CWebApplication->processRequest()
#5 C:\xampp\htdocs\yiitestapp\index.php(13): CWebApplication->run()
REQUEST_URI=/yiitestapp/?code=AQBAmpS0aXUSlo-ISNb-IrjO9mEBr5fpTNeFDjn9kHMNLkujkRLDmKtL-6aXjhApEhNf3i2hi9Ea2ESL_Jm63lBkXLA-Rq5Rdp9zWNgmKtacOhBTTB9xMeclpziuCyTTngbp2f_QwxidRwfKnNyfIjB90TAdq6DNLYu38yUgUkRvVtCPqiJEa_ddNy0dHco9y5_rVBn-QJz-aeH0cwRivLPqzQyoDf2XZjydZAepWv3dbxHXvrEPHCah6RkonBn6dHQuBXgdUtB_pYXedKznVmYYWBd0r6UaO5NNoXT-FemnSjxR_UFLoI_52rNpLAwO3pLm2V8gMisOmMuZ44gV344C&state=f3a36ef5446b9cef6dd87708ac33cbb1
in C:\xampp\htdocs\yiitestapp\protected\controllers\SiteController.php (48)
in C:\xampp\htdocs\yiitestapp\index.php (13)
2015/12/18 20:29:36 [error] [php] Undefined variable: accessToken (C:\xampp\htdocs\yiitestapp\protected\controllers\SiteController.php:49)
Stack trace:
#0 C:\xampp\htdocs\yii\framework\web\CController.php(286): SiteController->runAction()
#1 C:\xampp\htdocs\yii\framework\web\CController.php(265): SiteController->runActionWithFilters()
#2 C:\xampp\htdocs\yii\framework\web\CWebApplication.php(282): SiteController->run()
#3 C:\xampp\htdocs\yii\framework\web\CWebApplication.php(141): CWebApplication->runController()
#4 C:\xampp\htdocs\yii\framework\base\CApplication.php(184): CWebApplication->processRequest()
#5 C:\xampp\htdocs\yiitestapp\index.php(13): CWebApplication->run()
REQUEST_URI=/yiitestapp/?code=AQANKZcNE3aQFBbFCokXjUzTYx5y1HvLT1zUvAXlV9LNhGbiuLmvyobOrRB7t6tr2UISyP496gH0iit7qnl1zO9lCM4c5r6bCfUMdJYwzYI3WWLpc_zPZAlKBAibzLAPfsPZIZhFAxvsZSmIQ2AdOhzr7RalN9rCvbyhCSQxttQ1fqlT0KfUQfcG7YCIYXfF5btvwkUAr2TK2261CCHVQry41AOicRdiLHzNflW3_MTrvtcFfb0FKhPxVJwJn0BTUNLqoSHX01gZDNYWQe9c59goACJB9OEmmOMmrK3wc2a3wiYvr7M_vYj2GFETTYMQPcrGmpdfXXtAE1tdQkU8nybQ&state=6f7249f9b32217384a621e6dfdb4d6f3
in C:\xampp\htdocs\yiitestapp\protected\controllers\SiteController.php (49)
in C:\xampp\htdocs\yiitestapp\index.php (13)
2015/12/18 20:35:33 [error] [php] include(FacebookRequest.php): failed to open stream: No such file or directory (C:\xampp\htdocs\yii\framework\YiiBase.php:432)
Stack trace:
#0 C:\xampp\htdocs\yiitestapp\protected\controllers\SiteController.php(50): spl_autoload_call()
#1 C:\xampp\htdocs\yii\framework\web\actions\CInlineAction.php(49): SiteController->actionIndex()
#2 C:\xampp\htdocs\yii\framework\web\CController.php(308): CInlineAction->runWithParams()
#3 C:\xampp\htdocs\yii\framework\web\CController.php(286): SiteController->runAction()
#4 C:\xampp\htdocs\yii\framework\web\CController.php(265): SiteController->runActionWithFilters()
#5 C:\xampp\htdocs\yii\framework\web\CWebApplication.php(282): SiteController->run()
#6 C:\xampp\htdocs\yii\framework\web\CWebApplication.php(141): CWebApplication->runController()
#7 C:\xampp\htdocs\yii\framework\base\CApplication.php(184): CWebApplication->processRequest()
#8 C:\xampp\htdocs\yiitestapp\index.php(13): CWebApplication->run()
REQUEST_URI=/yiitestapp/?code=AQBTuS4271MhqOTO3-8L3sscMI2HL6LKhQpaGXMPwOPp6acs2iuCEWha9f6EBVDh17_71HpXRiyDmG2G-iVb7LSGGp0B7gu8qPakx9-sQx8CDIEc__kIzHwx5WBagOY3hxVyHDwPMVJ_cenq2ztfzXFbBvCeRNM8faV4DgbBxAb0e7uKYPo8qDy7IMCwoQRD2MmXojUXoWE-aF0NTSRceduz6DLDueQWoZzkFx754aYPJMD5SNcIxxqaDnR871XQzdZ3PXXWOzexyJRIRXNG4Nm9SqI9wU3UDO-Vs_2Rt6EZigi3pcIrgrV7gRL6BmwmF2hQBJiNMz4XTKFQ-J5bcm6G&state=4c23ec10fff4111c46436437132b5632
in C:\xampp\htdocs\yiitestapp\protected\controllers\SiteController.php (50)
in C:\xampp\htdocs\yiitestapp\index.php (13)
2015/12/18 20:53:16 [error] [exception.CException] exception 'CException' with message 'SFacebook and its behaviors do not have a method or closure named "getMe".' in C:\xampp\htdocs\yii\framework\base\CComponent.php:266
Stack trace:
#0 C:\xampp\htdocs\yiitestapp\protected\controllers\SiteController.php(50): CComponent->__call('getMe', Array)
#1 C:\xampp\htdocs\yiitestapp\protected\controllers\SiteController.php(50): SFacebook->getMe()
#2 C:\xampp\htdocs\yii\framework\web\actions\CInlineAction.php(49): SiteController->actionIndex()
#3 C:\xampp\htdocs\yii\framework\web\CController.php(308): CInlineAction->runWithParams(Array)
#4 C:\xampp\htdocs\yii\framework\web\CController.php(286): CController->runAction(Object(CInlineAction))
#5 C:\xampp\htdocs\yii\framework\web\CController.php(265): CController->runActionWithFilters(Object(CInlineAction), Array)
#6 C:\xampp\htdocs\yii\framework\web\CWebApplication.php(282): CController->run('')
#7 C:\xampp\htdocs\yii\framework\web\CWebApplication.php(141): CWebApplication->runController('')
#8 C:\xampp\htdocs\yii\framework\base\CApplication.php(184): CWebApplication->processRequest()
#9 C:\xampp\htdocs\yiitestapp\index.php(13): CApplication->run()
#10 {main}
REQUEST_URI=/yiitestapp/?code=AQCRySfLhUaNo0CEHQgHxjdcY0d7IPnDI6Eo5UjvQfdvmur3klg7rpdpeMUHHm6D-fSVNwdRRvz_S2k8J9MsqS-CFIaVt2snZlPW-MIR0h40tWcwOa1QONcv5r5xaPBJTpaFqXyX86C4iYGP_q23kaSCxmT_cghmfaazEPmkKpiBKLn1SENjkGktF77Jj-Mv70JJXbSixHiw4AyFBwyIOrBAtFmrLmSpP5E-MTYRqJzZrddjzhkVJn51WbR4snKbzIf9EzGiJbXhcX_9r3Y1Vw2DI9kvuhWccMO5QNX7zgA6tKjj6WfIHV6f5KnOVbF7niricKaj73yzlQBg_qDqKDZh&state=5c13099938cae3f5ca066a3d79609bdb
HTTP_REFERER=http://localhost/yiitestapp/index.php
---
2015/12/18 21:07:10 [error] [exception.CException] exception 'CException' with message 'SFacebook and its behaviors do not have a method or closure named "getMe".' in C:\xampp\htdocs\yii\framework\base\CComponent.php:266
Stack trace:
#0 C:\xampp\htdocs\yiitestapp\protected\controllers\SiteController.php(50): CComponent->__call('getMe', Array)
#1 C:\xampp\htdocs\yiitestapp\protected\controllers\SiteController.php(50): SFacebook->getMe()
#2 C:\xampp\htdocs\yii\framework\web\actions\CInlineAction.php(49): SiteController->actionIndex()
#3 C:\xampp\htdocs\yii\framework\web\CController.php(308): CInlineAction->runWithParams(Array)
#4 C:\xampp\htdocs\yii\framework\web\CController.php(286): CController->runAction(Object(CInlineAction))
#5 C:\xampp\htdocs\yii\framework\web\CController.php(265): CController->runActionWithFilters(Object(CInlineAction), Array)
#6 C:\xampp\htdocs\yii\framework\web\CWebApplication.php(282): CController->run('')
#7 C:\xampp\htdocs\yii\framework\web\CWebApplication.php(141): CWebApplication->runController('')
#8 C:\xampp\htdocs\yii\framework\base\CApplication.php(184): CWebApplication->processRequest()
#9 C:\xampp\htdocs\yiitestapp\index.php(13): CApplication->run()
#10 {main}
REQUEST_URI=/yiitestapp/?code=AQC5LJqayb-vSeJKe_sTkSlMbxbN3i_E9-ZdFRIBx-t5xdcRx1uAKorXCJc5N9SVA3aobyKu64treCw6THJmkHUK5H86tQZq-sDau00wgHGqtvfnBTeOIE5te1bkmVTs6UX7BK6sZo6NfjAhAYgImKJc9i8CBJ44fGbjVWMKBGPzoCOSFNhITHLFPDuU-i0I_fwpd6wdMfXRXqCuwZwmRQZYkr6NCUjrY2ekKBGkWNkq3PKdp2xlNPxN34R6_n8kMQ_YmDoVVV89brdqOljsOvSYtoyjX3ogrhkxxj2trYwW1eOygOh4y4skfwk2HKBEXk9c-DLxQUOmUL4BOEOAfzk8&state=1aa8f1d6ff3eb05a43c2fb2c18441d0b
HTTP_REFERER=http://localhost/yiitestapp/index.php
---
2015/12/18 21:15:13 [error] [exception.CException] exception 'CException' with message 'SFacebook and its behaviors do not have a method or closure named "getMe".' in C:\xampp\htdocs\yii\framework\base\CComponent.php:266
Stack trace:
#0 C:\xampp\htdocs\yiitestapp\protected\controllers\SiteController.php(50): CComponent->__call('getMe', Array)
#1 C:\xampp\htdocs\yiitestapp\protected\controllers\SiteController.php(50): SFacebook->getMe()
#2 C:\xampp\htdocs\yii\framework\web\actions\CInlineAction.php(49): SiteController->actionIndex()
#3 C:\xampp\htdocs\yii\framework\web\CController.php(308): CInlineAction->runWithParams(Array)
#4 C:\xampp\htdocs\yii\framework\web\CController.php(286): CController->runAction(Object(CInlineAction))
#5 C:\xampp\htdocs\yii\framework\web\CController.php(265): CController->runActionWithFilters(Object(CInlineAction), Array)
#6 C:\xampp\htdocs\yii\framework\web\CWebApplication.php(282): CController->run('')
#7 C:\xampp\htdocs\yii\framework\web\CWebApplication.php(141): CWebApplication->runController('')
#8 C:\xampp\htdocs\yii\framework\base\CApplication.php(184): CWebApplication->processRequest()
#9 C:\xampp\htdocs\yiitestapp\index.php(13): CApplication->run()
#10 {main}
REQUEST_URI=/yiitestapp/?code=AQDTJoNMMqy4AvhoxS7DWQmjB3ZfgqZOT7Luo8EAOxstkTFl8dMJmCe_IAstxCp2RK2sWSWc4_nDLqp7KkZSMd8X4BUfAaruCEwHAnVOIhvNruuB3FyAo1AUJPpZJKOS07tlk6Gx60Ll6zJ5n-_Ofa8Q4ZatD6W0BUyucAcPEQqTv0OZyt6zAIeWtkeQ_U7jg0qgKEmISi9OO3zLLV1HI9BhO6UNE2FXtvqkI8Pp4_5QNkHD0-5-8ddLUHOTRrIB1wDC8E5bOR8LIT7mobESUAgucnp-ZN5vguAHptEQOgc4RuH_QRVqHpBCqcmD-6Q0Zz5yE734WWWPdFPytINBZBDD&state=1aa8f1d6ff3eb05a43c2fb2c18441d0b
HTTP_REFERER=http://localhost/yiitestapp/index.php
---
